2022.10.13 16:38:46 INFO  tracing is disabled for protocol LSP, to enable tracing of incoming and outgoing JSON messages create an empty file at /Users/lee/repos/scala/akka-playground/.metals/lsp.trace.json or /Users/lee/Library/Caches/org.scalameta.metals/lsp.trace.json[0m
2022.10.13 16:38:46 INFO  logging to file /Users/lee/repos/scala/akka-playground/.metals/metals.log[0m
2022.10.13 16:38:46 INFO  Started: Metals version 0.11.9 in workspace '/Users/lee/repos/scala/akka-playground' for client Visual Studio Code 1.72.1.[0m
2022.10.13 16:38:47 INFO  time: initialize in 1.05s[0m
2022.10.13 16:38:49 WARN  Build server is not auto-connectable.[0m
2022.10.13 16:38:49 WARN  no build target for: /Users/lee/repos/scala/akka-playground/src/main/scala/RpcMain.scala[0m
2022.10.13 16:38:51 INFO  no build target found for /Users/lee/repos/scala/akka-playground/src/main/scala/RpcMain.scala. Using presentation compiler with project's scala-library version: 3.2.0[0m
2022.10.13 16:38:53 INFO  time: code lens generation in 3.64s[0m
2022.10.13 16:38:54 INFO  running '/Users/lee/.sdkman/candidates/java/current/bin/java -Djline.terminal=jline.UnsupportedTerminal -Dsbt.log.noformat=true -Dfile.encoding=UTF-8 -jar /var/folders/ks/d_lb0_j92fxg72_6schvv80r0000gn/T/metals616830199357424920/sbt-launch.jar -Dbloop.export-jar-classifiers=sources bloopInstall'[0m
2022.10.13 16:38:55 WARN  no build target for: /Users/lee/repos/scala/akka-playground/project/project/metals.sbt[0m
2022.10.13 16:38:55 INFO  skipping build import with status 'Started'[0m
2022.10.13 16:38:56 INFO  [info] welcome to sbt 1.7.1 (Eclipse Adoptium Java 19)[0m
2022.10.13 16:38:57 INFO  [info] loading global plugins from /Users/lee/.sbt/1.0/plugins[0m
2022.10.13 16:38:59 INFO  [info] loading settings for project akka-playground-build-build from metals.sbt ...[0m
2022.10.13 16:38:59 INFO  [info] loading project definition from /Users/lee/repos/scala/akka-playground/project/project[0m
2022.10.13 16:39:00 INFO  [info] loading settings for project akka-playground-build from metals.sbt ...[0m
2022.10.13 16:39:00 INFO  [info] loading project definition from /Users/lee/repos/scala/akka-playground/project[0m
2022.10.13 16:39:01 INFO  [success] Generated .bloop/akka-playground-build.json[0m
2022.10.13 16:39:01 INFO  [success] Total time: 1 s, completed 2022年10月13日 16:39:01[0m
2022.10.13 16:39:01 INFO  [info] loading settings for project root from build.sbt ...[0m
2022.10.13 16:39:01 INFO  [info] set current project to akka-playground (in build file:/Users/lee/repos/scala/akka-playground/)[0m
2022.10.13 16:39:03 INFO  [success] Generated .bloop/root.json[0m
2022.10.13 16:39:03 INFO  [success] Generated .bloop/root-test.json[0m
2022.10.13 16:39:03 INFO  [success] Total time: 1 s, completed 2022年10月13日 16:39:03[0m
2022.10.13 16:39:03 INFO  time: ran 'sbt bloopInstall' in 8.95s[0m
2022.10.13 16:39:03 INFO  Attempting to connect to the build server...[0m
2022.10.13 16:39:03 INFO  Bloop uses /Users/lee/.sdkman/candidates/java/current defined at /Users/lee/.bloop/bloop.json[0m
2022.10.13 16:39:03 INFO  tracing is disabled for protocol BSP, to enable tracing of incoming and outgoing JSON messages create an empty file at /Users/lee/repos/scala/akka-playground/.metals/bsp.trace.json or /Users/lee/Library/Caches/org.scalameta.metals/bsp.trace.json[0m
2022.10.13 16:39:03 INFO  Attempting to connect to the build server...[0m
2022.10.13 16:39:03 INFO  Bloop uses /Users/lee/.sdkman/candidates/java/current defined at /Users/lee/.bloop/bloop.json[0m
2022.10.13 16:39:03 INFO  tracing is disabled for protocol BSP, to enable tracing of incoming and outgoing JSON messages create an empty file at /Users/lee/repos/scala/akka-playground/project/.metals/bsp.trace.json or /Users/lee/Library/Caches/org.scalameta.metals/bsp.trace.json[0m
2022.10.13 16:39:03 INFO  time: Connected to build server in 0.28s[0m
2022.10.13 16:39:03 INFO  Connected to Build server: Bloop v1.5.4[0m
2022.10.13 16:39:08 INFO  time: indexed workspace in 4.17s[0m
2022.10.13 16:39:08 INFO  compiling root (5 scala sources)[0m
2022.10.13 16:39:09 INFO  time: compiled root in 1.63s[0m
2022.10.13 16:39:09 INFO  compiling root-test (1 scala source)[0m
2022.10.13 16:39:09 INFO  time: compiled root-test in 513μs[0m
2022.10.13 16:39:16 INFO  compiling root (1 scala source)[0m
2022.10.13 16:39:16 INFO  time: compiled root in 0.15s[0m
2022.10.13 16:39:18 INFO  tracing is disabled for protocol dap-server, to enable tracing of incoming and outgoing JSON messages create an empty file at /Users/lee/repos/scala/akka-playground/.metals/dap-server.trace.json or /Users/lee/Library/Caches/org.scalameta.metals/dap-server.trace.json[0m
2022.10.13 16:39:18 INFO  tracing is disabled for protocol dap-client, to enable tracing of incoming and outgoing JSON messages create an empty file at /Users/lee/repos/scala/akka-playground/.metals/dap-client.trace.json or /Users/lee/Library/Caches/org.scalameta.metals/dap-client.trace.json[0m
2022.10.13 16:39:18 INFO  Starting debug proxy for [rpc][0m
2022.10.13 16:39:21 INFO  Trying to attach to remote debuggee VM localhost:53868 .[0m
2022.10.13 16:39:21 INFO  Attaching to debuggee VM succeeded.[0m
2022.10.13 16:39:21 ERROR SLF4J: A number (1) of logging calls during the initialization phase have been intercepted and are[0m
2022.10.13 16:39:21 ERROR SLF4J: now being replayed. These are subject to the filtering rules of the underlying logging system.[0m
2022.10.13 16:39:21 ERROR SLF4J: See also http://www.slf4j.org/codes.html#replay[0m
2022.10.13 16:39:22 ERROR Exception in thread "main" java.lang.ClassNotFoundException: TMessage[0m
2022.10.13 16:39:22 ERROR 	at java.base/jdk.internal.loader.BuiltinClassLoader.loadClass(BuiltinClassLoader.java:641)[0m
2022.10.13 16:39:22 ERROR 	at java.base/jdk.internal.loader.ClassLoaders$AppClassLoader.loadClass(ClassLoaders.java:188)[0m
2022.10.13 16:39:22 ERROR 	at java.base/java.lang.ClassLoader.loadClass(ClassLoader.java:521)[0m
2022.10.13 16:39:22 ERROR 	at java.base/java.lang.Class.forName0(Native Method)[0m
2022.10.13 16:39:22 ERROR 	at java.base/java.lang.Class.forName(Class.java:495)[0m
2022.10.13 16:39:22 ERROR 	at java.base/java.lang.Class.forName(Class.java:474)[0m
2022.10.13 16:39:22 ERROR 	at akka.actor.ReflectiveDynamicAccess.getClassFor$$anonfun$1(ReflectiveDynamicAccess.scala:29)[0m
2022.10.13 16:39:22 ERROR 	at scala.util.Try$.apply(Try.scala:210)[0m
2022.10.13 16:39:22 ERROR 	at akka.actor.ReflectiveDynamicAccess.getClassFor(ReflectiveDynamicAccess.scala:32)[0m
2022.10.13 16:39:22 ERROR 	at akka.serialization.Serialization.$anonfun$6(Serialization.scala:438)[0m
2022.10.13 16:39:22 ERROR 	at scala.collection.Iterator$$anon$9.next(Iterator.scala:577)[0m
2022.10.13 16:39:22 ERROR 	at scala.collection.immutable.HashMapBuilder.addAll(HashMap.scala:2360)[0m
2022.10.13 16:39:22 ERROR 	at scala.collection.immutable.HashMap$.from(HashMap.scala:2182)[0m
2022.10.13 16:39:22 ERROR 	at scala.collection.immutable.HashMap$.from(HashMap.scala:2158)[0m
2022.10.13 16:39:22 ERROR 	at scala.collection.MapOps$WithFilter.map(Map.scala:381)[0m
2022.10.13 16:39:22 ERROR 	at akka.serialization.Serialization.<init>(Serialization.scala:438)[0m
2022.10.13 16:39:22 ERROR 	at akka.serialization.SerializationExtension$.createExtension(SerializationExtension.scala:18)[0m
2022.10.13 16:39:22 ERROR 	at akka.serialization.SerializationExtension$.createExtension(SerializationExtension.scala:18)[0m
2022.10.13 16:39:22 ERROR 	at akka.actor.ActorSystemImpl.registerExtension(ActorSystem.scala:1165)[0m
2022.10.13 16:39:22 ERROR 	at akka.actor.ActorSystemImpl.loadExtensions$1$$anonfun$1(ActorSystem.scala:1208)[0m
2022.10.13 16:39:22 ERROR 	at scala.collection.immutable.Vector.foreach(Vector.scala:1856)[0m
2022.10.13 16:39:22 ERROR 	at akka.actor.ActorSystemImpl.loadExtensions$1(ActorSystem.scala:1217)[0m
2022.10.13 16:39:22 ERROR 	at akka.actor.ActorSystemImpl.loadExtensions(ActorSystem.scala:1221)[0m
2022.10.13 16:39:22 ERROR 	at akka.actor.ActorSystemImpl.liftedTree3$1(ActorSystem.scala:1042)[0m
2022.10.13 16:39:22 ERROR 	at akka.actor.ActorSystemImpl._start(ActorSystem.scala:1050)[0m
2022.10.13 16:39:22 ERROR 	at akka.actor.ActorSystemImpl.start(ActorSystem.scala:1052)[0m
2022.10.13 16:39:22 ERROR 	at akka.actor.typed.ActorSystem$.createInternal(ActorSystem.scala:290)[0m
2022.10.13 16:39:22 ERROR 	at akka.actor.typed.ActorSystem$.apply(ActorSystem.scala:204)[0m
2022.10.13 16:39:22 ERROR 	at RpcMain.start(CallbackActor.scala:27)[0m
2022.10.13 16:39:22 ERROR 	at RpcMain$package$.rpc(RpcMain.scala:33)[0m
2022.10.13 16:39:22 ERROR 	at rpc.main(RpcMain.scala:31)[0m
2022.10.13 16:39:22 INFO  Closing debug server tcp://0.0.0.0:53852[0m
2022.10.13 16:39:24 INFO  Canceling debug proxy for [rpc][0m
2022.10.13 16:39:36 INFO  shutting down Metals[0m
2022.10.13 16:39:36 INFO  Shut down connection with build server.[0m
2022.10.13 16:39:36 INFO  Shut down connection with build server.[0m
2022.10.13 16:40:27 INFO  tracing is disabled for protocol LSP, to enable tracing of incoming and outgoing JSON messages create an empty file at /Users/lee/repos/scala/akka-playground/.metals/lsp.trace.json or /Users/lee/Library/Caches/org.scalameta.metals/lsp.trace.json[0m
2022.10.13 16:40:27 INFO  logging to file /Users/lee/repos/scala/akka-playground/.metals/metals.log[0m
2022.10.13 16:40:27 INFO  Started: Metals version 0.11.9 in workspace '/Users/lee/repos/scala/akka-playground' for client Visual Studio Code 1.72.1.[0m
2022.10.13 16:40:29 INFO  time: initialize in 1.21s[0m
2022.10.13 16:40:30 INFO  Attempting to connect to the build server...[0m
2022.10.13 16:40:30 INFO  Bloop uses /Users/lee/.sdkman/candidates/java/current defined at /Users/lee/.bloop/bloop.json[0m
2022.10.13 16:40:30 INFO  skipping build import with status 'Installed'[0m
2022.10.13 16:40:33 INFO  no build target found for /Users/lee/repos/scala/akka-playground/src/main/scala/io/github/liewhite/rpc4s/Endpoing.scala. Using presentation compiler with project's scala-library version: 3.2.0[0m
2022.10.13 16:40:34 INFO  tracing is disabled for protocol BSP, to enable tracing of incoming and outgoing JSON messages create an empty file at /Users/lee/repos/scala/akka-playground/.metals/bsp.trace.json or /Users/lee/Library/Caches/org.scalameta.metals/bsp.trace.json[0m
2022.10.13 16:40:34 INFO  Attempting to connect to the build server...[0m
2022.10.13 16:40:34 INFO  Bloop uses /Users/lee/.sdkman/candidates/java/current defined at /Users/lee/.bloop/bloop.json[0m
2022.10.13 16:40:34 INFO  tracing is disabled for protocol BSP, to enable tracing of incoming and outgoing JSON messages create an empty file at /Users/lee/repos/scala/akka-playground/project/.metals/bsp.trace.json or /Users/lee/Library/Caches/org.scalameta.metals/bsp.trace.json[0m
2022.10.13 16:40:34 INFO  time: Connected to build server in 3.83s[0m
2022.10.13 16:40:34 INFO  Connected to Build server: Bloop v1.5.4[0m
2022.10.13 16:40:34 INFO  time: Imported build in 0.14s[0m
2022.10.13 16:40:35 INFO  time: code lens generation in 4.58s[0m
2022.10.13 16:40:36 INFO  no build target found for /Users/lee/repos/scala/akka-playground/src/main/scala/io/github/liewhite/rpc4s/Endpoing.scala. Using presentation compiler with project's scala-library version: 3.2.0[0m
2022.10.13 16:40:38 INFO  time: indexed workspace in 4.02s[0m
2022.10.13 16:40:51 INFO  compiling root (1 scala source)[0m
2022.10.13 16:40:54 INFO  time: compiled root in 3.48s[0m
2022.10.13 16:40:54 INFO  compiling root (1 scala source)[0m
2022.10.13 16:40:54 INFO  time: compiled root in 0.95s[0m
2022.10.13 16:41:18 INFO  tracing is disabled for protocol dap-server, to enable tracing of incoming and outgoing JSON messages create an empty file at /Users/lee/repos/scala/akka-playground/.metals/dap-server.trace.json or /Users/lee/Library/Caches/org.scalameta.metals/dap-server.trace.json[0m
2022.10.13 16:41:18 INFO  tracing is disabled for protocol dap-client, to enable tracing of incoming and outgoing JSON messages create an empty file at /Users/lee/repos/scala/akka-playground/.metals/dap-client.trace.json or /Users/lee/Library/Caches/org.scalameta.metals/dap-client.trace.json[0m
2022.10.13 16:41:19 INFO  Starting debug proxy for [rpc][0m
2022.10.13 16:41:20 INFO  Trying to attach to remote debuggee VM localhost:54603 .[0m
2022.10.13 16:41:20 INFO  Attaching to debuggee VM succeeded.[0m
2022.10.13 16:41:20 ERROR SLF4J: A number (1) of logging calls during the initialization phase have been intercepted and are[0m
2022.10.13 16:41:20 ERROR SLF4J: now being replayed. These are subject to the filtering rules of the underlying logging system.[0m
2022.10.13 16:41:20 ERROR SLF4J: See also http://www.slf4j.org/codes.html#replay[0m
2022.10.13 16:41:22 ERROR Exception in thread "main" java.lang.ClassNotFoundException: TMessage[0m
2022.10.13 16:41:22 ERROR 	at java.base/jdk.internal.loader.BuiltinClassLoader.loadClass(BuiltinClassLoader.java:641)[0m
2022.10.13 16:41:22 ERROR 	at java.base/jdk.internal.loader.ClassLoaders$AppClassLoader.loadClass(ClassLoaders.java:188)[0m
2022.10.13 16:41:22 ERROR 	at java.base/java.lang.ClassLoader.loadClass(ClassLoader.java:521)[0m
2022.10.13 16:41:22 ERROR 	at java.base/java.lang.Class.forName0(Native Method)[0m
2022.10.13 16:41:22 ERROR 	at java.base/java.lang.Class.forName(Class.java:495)[0m
2022.10.13 16:41:22 ERROR 	at java.base/java.lang.Class.forName(Class.java:474)[0m
2022.10.13 16:41:22 ERROR 	at akka.actor.ReflectiveDynamicAccess.getClassFor$$anonfun$1(ReflectiveDynamicAccess.scala:29)[0m
2022.10.13 16:41:22 ERROR 	at scala.util.Try$.apply(Try.scala:210)[0m
2022.10.13 16:41:22 ERROR 	at akka.actor.ReflectiveDynamicAccess.getClassFor(ReflectiveDynamicAccess.scala:32)[0m
2022.10.13 16:41:22 ERROR 	at akka.serialization.Serialization.$anonfun$6(Serialization.scala:438)[0m
2022.10.13 16:41:22 ERROR 	at scala.collection.Iterator$$anon$9.next(Iterator.scala:577)[0m
2022.10.13 16:41:22 ERROR 	at scala.collection.immutable.HashMapBuilder.addAll(HashMap.scala:2360)[0m
2022.10.13 16:41:22 ERROR 	at scala.collection.immutable.HashMap$.from(HashMap.scala:2182)[0m
2022.10.13 16:41:22 ERROR 	at scala.collection.immutable.HashMap$.from(HashMap.scala:2158)[0m
2022.10.13 16:41:22 ERROR 	at scala.collection.MapOps$WithFilter.map(Map.scala:381)[0m
2022.10.13 16:41:22 ERROR 	at akka.serialization.Serialization.<init>(Serialization.scala:438)[0m
2022.10.13 16:41:22 ERROR 	at akka.serialization.SerializationExtension$.createExtension(SerializationExtension.scala:18)[0m
2022.10.13 16:41:22 ERROR 	at akka.serialization.SerializationExtension$.createExtension(SerializationExtension.scala:18)[0m
2022.10.13 16:41:22 ERROR 	at akka.actor.ActorSystemImpl.registerExtension(ActorSystem.scala:1165)[0m
2022.10.13 16:41:22 ERROR 	at akka.actor.ActorSystemImpl.loadExtensions$1$$anonfun$1(ActorSystem.scala:1208)[0m
2022.10.13 16:41:22 ERROR 	at scala.collection.immutable.Vector.foreach(Vector.scala:1856)[0m
2022.10.13 16:41:22 ERROR 	at akka.actor.ActorSystemImpl.loadExtensions$1(ActorSystem.scala:1217)[0m
2022.10.13 16:41:22 ERROR 	at akka.actor.ActorSystemImpl.loadExtensions(ActorSystem.scala:1221)[0m
2022.10.13 16:41:22 ERROR 	at akka.actor.ActorSystemImpl.liftedTree3$1(ActorSystem.scala:1042)[0m
2022.10.13 16:41:22 ERROR 	at akka.actor.ActorSystemImpl._start(ActorSystem.scala:1050)[0m
2022.10.13 16:41:22 ERROR 	at akka.actor.ActorSystemImpl.start(ActorSystem.scala:1052)[0m
2022.10.13 16:41:22 ERROR 	at akka.actor.typed.ActorSystem$.createInternal(ActorSystem.scala:290)[0m
2022.10.13 16:41:22 ERROR 	at akka.actor.typed.ActorSystem$.apply(ActorSystem.scala:204)[0m
2022.10.13 16:41:22 ERROR 	at RpcMain.start(CallbackActor.scala:27)[0m
2022.10.13 16:41:22 ERROR 	at RpcMain$package$.rpc(RpcMain.scala:33)[0m
2022.10.13 16:41:22 ERROR 	at rpc.main(RpcMain.scala:31)[0m
2022.10.13 16:41:22 INFO  Closing debug server tcp://0.0.0.0:54593[0m
2022.10.13 16:41:23 INFO  Canceling debug proxy for [rpc][0m
2022.10.13 16:41:34 INFO  compiling root (1 scala source)[0m
2022.10.13 16:41:34 INFO  time: compiled root in 0.5s[0m
2022.10.13 16:41:36 INFO  Deduplicating compilation of root from bsp client 'Metals 0.11.9' (since 1m 2.774s)[0m
2022.10.13 16:41:37 INFO  tracing is disabled for protocol dap-server, to enable tracing of incoming and outgoing JSON messages create an empty file at /Users/lee/repos/scala/akka-playground/.metals/dap-server.trace.json or /Users/lee/Library/Caches/org.scalameta.metals/dap-server.trace.json[0m
2022.10.13 16:41:37 INFO  tracing is disabled for protocol dap-client, to enable tracing of incoming and outgoing JSON messages create an empty file at /Users/lee/repos/scala/akka-playground/.metals/dap-client.trace.json or /Users/lee/Library/Caches/org.scalameta.metals/dap-client.trace.json[0m
2022.10.13 16:41:37 INFO  Starting debug proxy for [rpc][0m
2022.10.13 16:41:38 INFO  Trying to attach to remote debuggee VM localhost:54736 .[0m
2022.10.13 16:41:38 INFO  Attaching to debuggee VM succeeded.[0m
2022.10.13 16:41:38 ERROR SLF4J: A number (1) of logging calls during the initialization phase have been intercepted and are[0m
2022.10.13 16:41:38 ERROR SLF4J: now being replayed. These are subject to the filtering rules of the underlying logging system.[0m
2022.10.13 16:41:38 ERROR SLF4J: See also http://www.slf4j.org/codes.html#replay[0m
2022.10.13 16:41:39 ERROR Exception in thread "main" java.lang.ClassNotFoundException: TMessage[0m
2022.10.13 16:41:39 ERROR 	at java.base/jdk.internal.loader.BuiltinClassLoader.loadClass(BuiltinClassLoader.java:641)[0m
2022.10.13 16:41:39 ERROR 	at java.base/jdk.internal.loader.ClassLoaders$AppClassLoader.loadClass(ClassLoaders.java:188)[0m
2022.10.13 16:41:39 ERROR 	at java.base/java.lang.ClassLoader.loadClass(ClassLoader.java:521)[0m
2022.10.13 16:41:39 ERROR 	at java.base/java.lang.Class.forName0(Native Method)[0m
2022.10.13 16:41:39 ERROR 	at java.base/java.lang.Class.forName(Class.java:495)[0m
2022.10.13 16:41:39 ERROR 	at java.base/java.lang.Class.forName(Class.java:474)[0m
2022.10.13 16:41:39 ERROR 	at akka.actor.ReflectiveDynamicAccess.getClassFor$$anonfun$1(ReflectiveDynamicAccess.scala:29)[0m
2022.10.13 16:41:39 ERROR 	at scala.util.Try$.apply(Try.scala:210)[0m
2022.10.13 16:41:39 ERROR 	at akka.actor.ReflectiveDynamicAccess.getClassFor(ReflectiveDynamicAccess.scala:32)[0m
2022.10.13 16:41:39 ERROR 	at akka.serialization.Serialization.$anonfun$6(Serialization.scala:438)[0m
2022.10.13 16:41:39 ERROR 	at scala.collection.Iterator$$anon$9.next(Iterator.scala:577)[0m
2022.10.13 16:41:39 ERROR 	at scala.collection.immutable.HashMapBuilder.addAll(HashMap.scala:2360)[0m
2022.10.13 16:41:39 ERROR 	at scala.collection.immutable.HashMap$.from(HashMap.scala:2182)[0m
2022.10.13 16:41:39 ERROR 	at scala.collection.immutable.HashMap$.from(HashMap.scala:2158)[0m
2022.10.13 16:41:39 ERROR 	at scala.collection.MapOps$WithFilter.map(Map.scala:381)[0m
2022.10.13 16:41:39 ERROR 	at akka.serialization.Serialization.<init>(Serialization.scala:438)[0m
2022.10.13 16:41:39 ERROR 	at akka.serialization.SerializationExtension$.createExtension(SerializationExtension.scala:18)[0m
2022.10.13 16:41:39 ERROR 	at akka.serialization.SerializationExtension$.createExtension(SerializationExtension.scala:18)[0m
2022.10.13 16:41:39 ERROR 	at akka.actor.ActorSystemImpl.registerExtension(ActorSystem.scala:1165)[0m
2022.10.13 16:41:39 ERROR 	at akka.actor.ActorSystemImpl.loadExtensions$1$$anonfun$1(ActorSystem.scala:1208)[0m
2022.10.13 16:41:39 ERROR 	at scala.collection.immutable.Vector.foreach(Vector.scala:1856)[0m
2022.10.13 16:41:39 ERROR 	at akka.actor.ActorSystemImpl.loadExtensions$1(ActorSystem.scala:1217)[0m
2022.10.13 16:41:39 ERROR 	at akka.actor.ActorSystemImpl.loadExtensions(ActorSystem.scala:1221)[0m
2022.10.13 16:41:39 ERROR 	at akka.actor.ActorSystemImpl.liftedTree3$1(ActorSystem.scala:1042)[0m
2022.10.13 16:41:39 ERROR 	at akka.actor.ActorSystemImpl._start(ActorSystem.scala:1050)[0m
2022.10.13 16:41:39 ERROR 	at akka.actor.ActorSystemImpl.start(ActorSystem.scala:1052)[0m
2022.10.13 16:41:39 ERROR 	at akka.actor.typed.ActorSystem$.createInternal(ActorSystem.scala:290)[0m
2022.10.13 16:41:39 ERROR 	at akka.actor.typed.ActorSystem$.apply(ActorSystem.scala:204)[0m
2022.10.13 16:41:39 ERROR 	at RpcMain.start(CallbackActor.scala:27)[0m
2022.10.13 16:41:39 ERROR 	at RpcMain$package$.rpc(RpcMain.scala:34)[0m
2022.10.13 16:41:39 ERROR 	at rpc.main(RpcMain.scala:32)[0m
2022.10.13 16:41:40 INFO  Canceling debug proxy for [rpc][0m
2022.10.13 16:41:39 INFO  Closing debug server tcp://0.0.0.0:54726[0m
2022.10.13 16:41:57 INFO  compiling root (1 scala source)[0m
2022.10.13 16:41:57 INFO  time: compiled root in 0.58s[0m
2022.10.13 16:42:01 INFO  compiling root (4 scala sources)[0m
2022.10.13 16:42:01 INFO  time: compiled root in 0.82s[0m
2022.10.13 16:42:06 INFO  Deduplicating compilation of root from bsp client 'Metals 0.11.9' (since 1m 31.9s)[0m
2022.10.13 16:42:06 INFO  tracing is disabled for protocol dap-server, to enable tracing of incoming and outgoing JSON messages create an empty file at /Users/lee/repos/scala/akka-playground/.metals/dap-server.trace.json or /Users/lee/Library/Caches/org.scalameta.metals/dap-server.trace.json[0m
2022.10.13 16:42:06 INFO  tracing is disabled for protocol dap-client, to enable tracing of incoming and outgoing JSON messages create an empty file at /Users/lee/repos/scala/akka-playground/.metals/dap-client.trace.json or /Users/lee/Library/Caches/org.scalameta.metals/dap-client.trace.json[0m
2022.10.13 16:42:06 INFO  Starting debug proxy for [rpc][0m
2022.10.13 16:42:07 INFO  Trying to attach to remote debuggee VM localhost:54948 .[0m
2022.10.13 16:42:07 INFO  Attaching to debuggee VM succeeded.[0m
2022.10.13 16:42:07 ERROR SLF4J: A number (1) of logging calls during the initialization phase have been intercepted and are[0m
2022.10.13 16:42:07 ERROR SLF4J: now being replayed. These are subject to the filtering rules of the underlying logging system.[0m
2022.10.13 16:42:07 ERROR SLF4J: See also http://www.slf4j.org/codes.html#replay[0m
2022.10.13 16:42:08 ERROR Exception in thread "main" java.lang.ClassNotFoundException: TMessage[0m
2022.10.13 16:42:08 ERROR 	at java.base/jdk.internal.loader.BuiltinClassLoader.loadClass(BuiltinClassLoader.java:641)[0m
2022.10.13 16:42:08 ERROR 	at java.base/jdk.internal.loader.ClassLoaders$AppClassLoader.loadClass(ClassLoaders.java:188)[0m
2022.10.13 16:42:08 ERROR 	at java.base/java.lang.ClassLoader.loadClass(ClassLoader.java:521)[0m
2022.10.13 16:42:08 ERROR 	at java.base/java.lang.Class.forName0(Native Method)[0m
2022.10.13 16:42:08 ERROR 	at java.base/java.lang.Class.forName(Class.java:495)[0m
2022.10.13 16:42:08 ERROR 	at java.base/java.lang.Class.forName(Class.java:474)[0m
2022.10.13 16:42:08 ERROR 	at akka.actor.ReflectiveDynamicAccess.getClassFor$$anonfun$1(ReflectiveDynamicAccess.scala:29)[0m
2022.10.13 16:42:08 ERROR 	at scala.util.Try$.apply(Try.scala:210)[0m
2022.10.13 16:42:08 ERROR 	at akka.actor.ReflectiveDynamicAccess.getClassFor(ReflectiveDynamicAccess.scala:32)[0m
2022.10.13 16:42:08 ERROR 	at akka.serialization.Serialization.$anonfun$6(Serialization.scala:438)[0m
2022.10.13 16:42:08 ERROR 	at scala.collection.Iterator$$anon$9.next(Iterator.scala:577)[0m
2022.10.13 16:42:08 ERROR 	at scala.collection.immutable.HashMapBuilder.addAll(HashMap.scala:2360)[0m
2022.10.13 16:42:08 ERROR 	at scala.collection.immutable.HashMap$.from(HashMap.scala:2182)[0m
2022.10.13 16:42:08 ERROR 	at scala.collection.immutable.HashMap$.from(HashMap.scala:2158)[0m
2022.10.13 16:42:08 ERROR 	at scala.collection.MapOps$WithFilter.map(Map.scala:381)[0m
2022.10.13 16:42:08 ERROR 	at akka.serialization.Serialization.<init>(Serialization.scala:438)[0m
2022.10.13 16:42:08 ERROR 	at akka.serialization.SerializationExtension$.createExtension(SerializationExtension.scala:18)[0m
2022.10.13 16:42:08 ERROR 	at akka.serialization.SerializationExtension$.createExtension(SerializationExtension.scala:18)[0m
2022.10.13 16:42:08 ERROR 	at akka.actor.ActorSystemImpl.registerExtension(ActorSystem.scala:1165)[0m
2022.10.13 16:42:08 ERROR 	at akka.actor.ActorSystemImpl.loadExtensions$1$$anonfun$1(ActorSystem.scala:1208)[0m
2022.10.13 16:42:08 ERROR 	at scala.collection.immutable.Vector.foreach(Vector.scala:1856)[0m
2022.10.13 16:42:08 ERROR 	at akka.actor.ActorSystemImpl.loadExtensions$1(ActorSystem.scala:1217)[0m
2022.10.13 16:42:08 ERROR 	at akka.actor.ActorSystemImpl.loadExtensions(ActorSystem.scala:1221)[0m
2022.10.13 16:42:08 ERROR 	at akka.actor.ActorSystemImpl.liftedTree3$1(ActorSystem.scala:1042)[0m
2022.10.13 16:42:08 ERROR 	at akka.actor.ActorSystemImpl._start(ActorSystem.scala:1050)[0m
2022.10.13 16:42:08 ERROR 	at akka.actor.ActorSystemImpl.start(ActorSystem.scala:1052)[0m
2022.10.13 16:42:08 ERROR 	at akka.actor.typed.ActorSystem$.createInternal(ActorSystem.scala:290)[0m
2022.10.13 16:42:08 ERROR 	at akka.actor.typed.ActorSystem$.apply(ActorSystem.scala:204)[0m
2022.10.13 16:42:08 ERROR 	at RpcMain.start(CallbackActor.scala:27)[0m
2022.10.13 16:42:08 ERROR 	at RpcMain$package$.rpc(RpcMain.scala:34)[0m
2022.10.13 16:42:08 ERROR 	at rpc.main(RpcMain.scala:32)[0m
2022.10.13 16:42:09 INFO  Canceling debug proxy for [rpc][0m
2022.10.13 16:42:08 INFO  Closing debug server tcp://0.0.0.0:54940[0m
10月 13, 2022 4:42:46 下午 scala.meta.internal.metals.Docstrings indexSymbol
严重: file:///Users/lee/repos/scala/akka-playground/src/main/scala/io/github/liewhite/rpc4s/TMessage.scala
java.nio.file.NoSuchFileException: /Users/lee/repos/scala/akka-playground/src/main/scala/io/github/liewhite/rpc4s/TMessage.scala
	at java.base/sun.nio.fs.UnixException.translateToIOException(UnixException.java:92)
	at java.base/sun.nio.fs.UnixException.rethrowAsIOException(UnixException.java:106)
	at java.base/sun.nio.fs.UnixException.rethrowAsIOException(UnixException.java:111)
	at java.base/sun.nio.fs.UnixFileSystemProvider.newByteChannel(UnixFileSystemProvider.java:218)
	at java.base/java.nio.file.Files.newByteChannel(Files.java:380)
	at java.base/java.nio.file.Files.newByteChannel(Files.java:432)
	at java.base/java.nio.file.Files.readAllBytes(Files.java:3287)
	at scala.meta.internal.io.PlatformFileIO$.slurp(PlatformFileIO.scala:45)
	at scala.meta.internal.io.FileIO$.slurp(FileIO.scala:24)
	at scala.meta.internal.mtags.CommonMtagsEnrichments$XtensionAbsolutePath.toInput(CommonMtagsEnrichments.scala:529)
	at scala.meta.internal.metals.Docstrings.indexSymbolDefinition(Docstrings.scala:123)
	at scala.meta.internal.metals.Docstrings.indexSymbol(Docstrings.scala:107)
	at scala.meta.internal.metals.Docstrings.documentation(Docstrings.scala:44)
	at scala.meta.internal.metals.MetalsSymbolSearch.documentation(MetalsSymbolSearch.scala:42)
	at scala.meta.internal.mtags.MtagsEnrichments$.symbolDocumentation(MtagsEnrichments.scala:193)
	at scala.meta.internal.pc.HoverProvider$.$anonfun$1(HoverProvider.scala:106)
	at scala.collection.immutable.List.flatMap(List.scala:293)
	at scala.meta.internal.pc.HoverProvider$.hover(HoverProvider.scala:106)
	at scala.meta.internal.pc.ScalaPresentationCompiler.hover$$anonfun$1(ScalaPresentationCompiler.scala:266)
	at scala.meta.internal.pc.CompilerAccess.withSharedCompiler(CompilerAccess.scala:137)
	at scala.meta.internal.pc.CompilerAccess.withNonInterruptableCompiler$$anonfun$1(CompilerAccess.scala:125)
	at scala.meta.internal.pc.CompilerAccess.onCompilerJobQueue$$anonfun$1(CompilerAccess.scala:197)
	at scala.meta.internal.pc.CompilerJobQueue$Job.run(CompilerJobQueue.scala:152)
	at java.base/java.util.concurrent.ThreadPoolExecutor.runWorker(ThreadPoolExecutor.java:1144)
	at java.base/java.util.concurrent.ThreadPoolExecutor$Worker.run(ThreadPoolExecutor.java:642)
	at java.base/java.lang.Thread.run(Thread.java:1589)

2022.10.13 16:42:49 INFO  compiling root (1 scala source)[0m
2022.10.13 16:42:49 INFO  Deduplicating compilation of root from bsp client 'Metals 0.11.9' (since 2m 15.226s)[0m
2022.10.13 16:42:49 INFO  compiling root (1 scala source)[0m
2022.10.13 16:42:49 INFO  time: compiled root in 0.28s[0m
2022.10.13 16:42:50 INFO  Deduplicating compilation of root from bsp client 'Metals 0.11.9' (since 2m 16.609s)[0m
2022.10.13 16:42:50 INFO  tracing is disabled for protocol dap-server, to enable tracing of incoming and outgoing JSON messages create an empty file at /Users/lee/repos/scala/akka-playground/.metals/dap-server.trace.json or /Users/lee/Library/Caches/org.scalameta.metals/dap-server.trace.json[0m
2022.10.13 16:42:50 INFO  tracing is disabled for protocol dap-client, to enable tracing of incoming and outgoing JSON messages create an empty file at /Users/lee/repos/scala/akka-playground/.metals/dap-client.trace.json or /Users/lee/Library/Caches/org.scalameta.metals/dap-client.trace.json[0m
2022.10.13 16:42:51 INFO  Starting debug proxy for [rpc][0m
2022.10.13 16:42:51 INFO  Trying to attach to remote debuggee VM localhost:55201 .[0m
2022.10.13 16:42:51 INFO  Attaching to debuggee VM succeeded.[0m
2022.10.13 16:42:51 ERROR SLF4J: A number (1) of logging calls during the initialization phase have been intercepted and are[0m
2022.10.13 16:42:51 ERROR SLF4J: now being replayed. These are subject to the filtering rules of the underlying logging system.[0m
2022.10.13 16:42:51 ERROR SLF4J: See also http://www.slf4j.org/codes.html#replay[0m
2022.10.13 16:42:53 ERROR Exception in thread "main" java.lang.ClassNotFoundException: TMessage[0m
2022.10.13 16:42:53 ERROR 	at java.base/jdk.internal.loader.BuiltinClassLoader.loadClass(BuiltinClassLoader.java:641)[0m
2022.10.13 16:42:53 ERROR 	at java.base/jdk.internal.loader.ClassLoaders$AppClassLoader.loadClass(ClassLoaders.java:188)[0m
2022.10.13 16:42:53 ERROR 	at java.base/java.lang.ClassLoader.loadClass(ClassLoader.java:521)[0m
2022.10.13 16:42:53 ERROR 	at java.base/java.lang.Class.forName0(Native Method)[0m
2022.10.13 16:42:53 ERROR 	at java.base/java.lang.Class.forName(Class.java:495)[0m
2022.10.13 16:42:53 ERROR 	at java.base/java.lang.Class.forName(Class.java:474)[0m
2022.10.13 16:42:53 ERROR 	at akka.actor.ReflectiveDynamicAccess.getClassFor$$anonfun$1(ReflectiveDynamicAccess.scala:29)[0m
2022.10.13 16:42:53 ERROR 	at scala.util.Try$.apply(Try.scala:210)[0m
2022.10.13 16:42:53 ERROR 	at akka.actor.ReflectiveDynamicAccess.getClassFor(ReflectiveDynamicAccess.scala:32)[0m
2022.10.13 16:42:53 ERROR 	at akka.serialization.Serialization.$anonfun$6(Serialization.scala:438)[0m
2022.10.13 16:42:53 ERROR 	at scala.collection.Iterator$$anon$9.next(Iterator.scala:577)[0m
2022.10.13 16:42:53 ERROR 	at scala.collection.immutable.HashMapBuilder.addAll(HashMap.scala:2360)[0m
2022.10.13 16:42:53 ERROR 	at scala.collection.immutable.HashMap$.from(HashMap.scala:2182)[0m
2022.10.13 16:42:53 ERROR 	at scala.collection.immutable.HashMap$.from(HashMap.scala:2158)[0m
2022.10.13 16:42:53 ERROR 	at scala.collection.MapOps$WithFilter.map(Map.scala:381)[0m
2022.10.13 16:42:53 ERROR 	at akka.serialization.Serialization.<init>(Serialization.scala:438)[0m
2022.10.13 16:42:53 ERROR 	at akka.serialization.SerializationExtension$.createExtension(SerializationExtension.scala:18)[0m
2022.10.13 16:42:53 ERROR 	at akka.serialization.SerializationExtension$.createExtension(SerializationExtension.scala:18)[0m
2022.10.13 16:42:53 ERROR 	at akka.actor.ActorSystemImpl.registerExtension(ActorSystem.scala:1165)[0m
2022.10.13 16:42:53 ERROR 	at akka.actor.ActorSystemImpl.loadExtensions$1$$anonfun$1(ActorSystem.scala:1208)[0m
2022.10.13 16:42:53 ERROR 	at scala.collection.immutable.Vector.foreach(Vector.scala:1856)[0m
2022.10.13 16:42:53 ERROR 	at akka.actor.ActorSystemImpl.loadExtensions$1(ActorSystem.scala:1217)[0m
2022.10.13 16:42:53 ERROR 	at akka.actor.ActorSystemImpl.loadExtensions(ActorSystem.scala:1221)[0m
2022.10.13 16:42:53 ERROR 	at akka.actor.ActorSystemImpl.liftedTree3$1(ActorSystem.scala:1042)[0m
2022.10.13 16:42:53 ERROR 	at akka.actor.ActorSystemImpl._start(ActorSystem.scala:1050)[0m
2022.10.13 16:42:53 ERROR 	at akka.actor.ActorSystemImpl.start(ActorSystem.scala:1052)[0m
2022.10.13 16:42:53 ERROR 	at akka.actor.typed.ActorSystem$.createInternal(ActorSystem.scala:290)[0m
2022.10.13 16:42:53 ERROR 	at akka.actor.typed.ActorSystem$.apply(ActorSystem.scala:204)[0m
2022.10.13 16:42:53 ERROR 	at RpcMain.start(CallbackActor.scala:27)[0m
2022.10.13 16:42:53 ERROR 	at RpcMain$package$.rpc(RpcMain.scala:33)[0m
2022.10.13 16:42:53 ERROR 	at rpc.main(RpcMain.scala:31)[0m
2022.10.13 16:42:54 INFO  Canceling debug proxy for [rpc][0m
2022.10.13 16:42:53 INFO  Closing debug server tcp://0.0.0.0:55190[0m
10月 13, 2022 4:43:02 下午 scala.meta.internal.pc.CompilerAccess handleError
严重: assertion failed
java.lang.AssertionError: assertion failed
	at scala.Predef$.assert(Predef.scala:264)
	at scala.Predef$Ensuring$.ensuring$extension(Predef.scala:359)
	at dotty.tools.dotc.semanticdb.SemanticSymbolBuilder.find$1(SemanticSymbolBuilder.scala:88)
	at dotty.tools.dotc.semanticdb.SemanticSymbolBuilder.addOverloadIdx$1(SemanticSymbolBuilder.scala:93)
	at dotty.tools.dotc.semanticdb.SemanticSymbolBuilder.addDescriptor$1(SemanticSymbolBuilder.scala:114)
	at dotty.tools.dotc.semanticdb.SemanticSymbolBuilder.addSymName(SemanticSymbolBuilder.scala:146)
	at dotty.tools.dotc.semanticdb.SemanticSymbolBuilder.addOwner$1(SemanticSymbolBuilder.scala:75)
	at dotty.tools.dotc.semanticdb.SemanticSymbolBuilder.addSymName(SemanticSymbolBuilder.scala:146)
	at dotty.tools.dotc.semanticdb.SemanticSymbolBuilder.symbolName(SemanticSymbolBuilder.scala:29)
	at dotty.tools.dotc.semanticdb.Scala3$SymbolOps$.symbolName(Scala3.scala:266)
	at dotty.tools.dotc.semanticdb.ExtractSemanticDB$Extractor.registerDefinition(ExtractSemanticDB.scala:352)
	at dotty.tools.dotc.semanticdb.ExtractSemanticDB$Extractor.traverse(ExtractSemanticDB.scala:182)
	at dotty.tools.dotc.ast.Trees$Instance$TreeTraverser.apply(Trees.scala:1663)
	at dotty.tools.dotc.ast.Trees$Instance$TreeTraverser.apply(Trees.scala:1663)
	at dotty.tools.dotc.ast.Trees$Instance$TreeAccumulator.fold$1(Trees.scala:1535)
	at dotty.tools.dotc.ast.Trees$Instance$TreeAccumulator.apply(Trees.scala:1537)
	at dotty.tools.dotc.ast.Trees$Instance$TreeAccumulator.foldOver$$anonfun$1(Trees.scala:1623)
	at scala.collection.LinearSeqOps.foldLeft(LinearSeq.scala:183)
	at scala.collection.LinearSeqOps.foldLeft$(LinearSeq.scala:179)
	at scala.collection.immutable.List.foldLeft(List.scala:79)
	at dotty.tools.dotc.ast.Trees$Instance$TreeAccumulator.foldOver(Trees.scala:1623)
	at dotty.tools.dotc.ast.Trees$Instance$TreeTraverser.traverseChildren(Trees.scala:1664)
	at dotty.tools.dotc.semanticdb.ExtractSemanticDB$Extractor.traverse(ExtractSemanticDB.scala:179)
	at dotty.tools.dotc.semanticdb.ExtractSemanticDB$Extractor.traverse$$anonfun$11(ExtractSemanticDB.scala:202)
	at scala.runtime.function.JProcedure1.apply(JProcedure1.java:15)
	at scala.runtime.function.JProcedure1.apply(JProcedure1.java:10)
	at scala.collection.immutable.List.foreach(List.scala:333)
	at dotty.tools.dotc.semanticdb.ExtractSemanticDB$Extractor.traverse(ExtractSemanticDB.scala:202)
	at dotty.tools.dotc.ast.Trees$Instance$TreeTraverser.apply(Trees.scala:1663)
	at dotty.tools.dotc.ast.Trees$Instance$TreeTraverser.apply(Trees.scala:1663)
	at dotty.tools.dotc.ast.Trees$Instance$TreeAccumulator.foldOver(Trees.scala:1627)
	at dotty.tools.dotc.ast.Trees$Instance$TreeAccumulator.foldOver(Trees.scala:1541)
	at dotty.tools.dotc.ast.Trees$Instance$TreeTraverser.traverseChildren(Trees.scala:1664)
	at dotty.tools.dotc.semanticdb.ExtractSemanticDB$Extractor.traverse(ExtractSemanticDB.scala:176)
	at dotty.tools.dotc.semanticdb.ExtractSemanticDB$Extractor.traverse$$anonfun$1(ExtractSemanticDB.scala:140)
	at scala.runtime.function.JProcedure1.apply(JProcedure1.java:15)
	at scala.runtime.function.JProcedure1.apply(JProcedure1.java:10)
	at scala.collection.immutable.List.foreach(List.scala:333)
	at dotty.tools.dotc.semanticdb.ExtractSemanticDB$Extractor.traverse(ExtractSemanticDB.scala:140)
	at scala.meta.internal.pc.SemanticdbTextDocumentProvider.textDocument(SemanticdbTextDocumentProvider.scala:39)

10月 13, 2022 4:43:02 下午 scala.meta.internal.metals.Docstrings indexSymbol
严重: file:///Users/lee/repos/scala/akka-playground/src/main/scala/io/github/liewhite/rpc4s/TMessage.scala
java.nio.file.NoSuchFileException: /Users/lee/repos/scala/akka-playground/src/main/scala/io/github/liewhite/rpc4s/TMessage.scala
	at java.base/sun.nio.fs.UnixException.translateToIOException(UnixException.java:92)
	at java.base/sun.nio.fs.UnixException.rethrowAsIOException(UnixException.java:106)
	at java.base/sun.nio.fs.UnixException.rethrowAsIOException(UnixException.java:111)
	at java.base/sun.nio.fs.UnixFileSystemProvider.newByteChannel(UnixFileSystemProvider.java:218)
	at java.base/java.nio.file.Files.newByteChannel(Files.java:380)
	at java.base/java.nio.file.Files.newByteChannel(Files.java:432)
	at java.base/java.nio.file.Files.readAllBytes(Files.java:3287)
	at scala.meta.internal.io.PlatformFileIO$.slurp(PlatformFileIO.scala:45)
	at scala.meta.internal.io.FileIO$.slurp(FileIO.scala:24)
	at scala.meta.internal.mtags.CommonMtagsEnrichments$XtensionAbsolutePath.toInput(CommonMtagsEnrichments.scala:529)
	at scala.meta.internal.metals.Docstrings.indexSymbolDefinition(Docstrings.scala:123)
	at scala.meta.internal.metals.Docstrings.indexSymbol(Docstrings.scala:107)
	at scala.meta.internal.metals.Docstrings.documentation(Docstrings.scala:44)
	at scala.meta.internal.metals.MetalsSymbolSearch.documentation(MetalsSymbolSearch.scala:42)
	at scala.meta.internal.mtags.MtagsEnrichments$.symbolDocumentation(MtagsEnrichments.scala:193)
	at scala.meta.internal.pc.HoverProvider$.$anonfun$1(HoverProvider.scala:106)
	at scala.collection.immutable.List.flatMap(List.scala:293)
	at scala.meta.internal.pc.HoverProvider$.hover(HoverProvider.scala:106)
	at scala.meta.internal.pc.ScalaPresentationCompiler.hover$$anonfun$1(ScalaPresentationCompiler.scala:266)
	at scala.meta.internal.pc.CompilerAccess.withSharedCompiler(CompilerAccess.scala:137)
	at scala.meta.internal.pc.CompilerAccess.withNonInterruptableCompiler$$anonfun$1(CompilerAccess.scala:125)
	at scala.meta.internal.pc.CompilerAccess.onCompilerJobQueue$$anonfun$1(CompilerAccess.scala:197)
	at scala.meta.internal.pc.CompilerJobQueue$Job.run(CompilerJobQueue.scala:152)
	at java.base/java.util.concurrent.ThreadPoolExecutor.runWorker(ThreadPoolExecutor.java:1144)
	at java.base/java.util.concurrent.ThreadPoolExecutor$Worker.run(ThreadPoolExecutor.java:642)
	at java.base/java.lang.Thread.run(Thread.java:1589)

2022.10.13 16:43:05 INFO  compiling root (1 scala source)[0m
2022.10.13 16:43:05 INFO  time: compiled root in 0.39s[0m
2022.10.13 16:43:06 INFO  compiling root (1 scala source)[0m
2022.10.13 16:43:06 INFO  time: compiled root in 0.37s[0m
2022.10.13 16:43:28 INFO  Deduplicating compilation of root from bsp client 'Metals 0.11.9' (since 2m 54.258s)[0m
2022.10.13 16:43:28 INFO  tracing is disabled for protocol dap-server, to enable tracing of incoming and outgoing JSON messages create an empty file at /Users/lee/repos/scala/akka-playground/.metals/dap-server.trace.json or /Users/lee/Library/Caches/org.scalameta.metals/dap-server.trace.json[0m
2022.10.13 16:43:28 INFO  tracing is disabled for protocol dap-client, to enable tracing of incoming and outgoing JSON messages create an empty file at /Users/lee/repos/scala/akka-playground/.metals/dap-client.trace.json or /Users/lee/Library/Caches/org.scalameta.metals/dap-client.trace.json[0m
2022.10.13 16:43:28 INFO  Starting debug proxy for [rpc][0m
2022.10.13 16:43:28 INFO  Trying to attach to remote debuggee VM localhost:55550 .[0m
2022.10.13 16:43:28 INFO  Attaching to debuggee VM succeeded.[0m
2022.10.13 16:43:30 ERROR SLF4J: A number (1) of logging calls during the initialization phase have been intercepted and are[0m
2022.10.13 16:43:30 ERROR SLF4J: now being replayed. These are subject to the filtering rules of the underlying logging system.[0m
2022.10.13 16:43:30 ERROR SLF4J: See also http://www.slf4j.org/codes.html#replay[0m
2022.10.13 16:43:41 INFO  compiling root (1 scala source)[0m
2022.10.13 16:43:41 INFO  time: compiled root in 0.14s[0m
2022.10.13 16:43:41 INFO  compiling root (1 scala source)[0m
2022.10.13 16:43:41 INFO  time: compiled root in 58ms[0m
2022.10.13 16:43:45 INFO  compiling root (1 scala source)[0m
2022.10.13 16:43:45 INFO  time: compiled root in 56ms[0m
2022.10.13 16:43:54 INFO  compiling root (1 scala source)[0m
2022.10.13 16:43:54 INFO  time: compiled root in 56ms[0m
2022.10.13 16:43:55 INFO  Canceling debug proxy for [rpc][0m
2022.10.13 16:43:55 INFO  Closing debug server tcp://0.0.0.0:55542[0m
2022.10.13 16:44:06 INFO  compiling root (1 scala source)[0m
2022.10.13 16:44:06 INFO  time: compiled root in 55ms[0m
2022.10.13 16:44:14 INFO  compiling root-test (1 scala source)[0m
2022.10.13 16:44:14 INFO  time: compiled root-test in 0.66s[0m
2022.10.13 16:44:22 INFO  compiling root (1 scala source)[0m
2022.10.13 16:44:22 INFO  time: compiled root in 59ms[0m
2022.10.13 16:44:22 INFO  compiling root (1 scala source)[0m
2022.10.13 16:44:22 INFO  time: compiled root in 57ms[0m
2022.10.13 16:44:23 INFO  compiling root (1 scala source)[0m
2022.10.13 16:44:23 INFO  time: compiled root in 73ms[0m
2022.10.13 16:44:27 INFO  compiling root (1 scala source)[0m
2022.10.13 16:44:27 INFO  time: compiled root in 55ms[0m
2022.10.13 16:44:30 INFO  compiling root (1 scala source)[0m
2022.10.13 16:44:30 INFO  time: compiled root in 52ms[0m
2022.10.13 16:44:35 INFO  compiling root (1 scala source)[0m
2022.10.13 16:44:35 INFO  time: compiled root in 0.13s[0m
2022.10.13 16:44:36 INFO  compiling root-test (1 scala source)[0m
2022.10.13 16:44:36 INFO  time: compiled root-test in 0.52s[0m
2022.10.13 16:44:49 INFO  compiling root-test (1 scala source)[0m
2022.10.13 16:44:49 INFO  time: compiled root-test in 0.12s[0m
2022.10.13 16:45:03 INFO  compiling root-test (1 scala source)[0m
2022.10.13 16:45:03 INFO  time: compiled root-test in 0.42s[0m
2022.10.13 16:45:05 INFO  tracing is disabled for protocol dap-server, to enable tracing of incoming and outgoing JSON messages create an empty file at /Users/lee/repos/scala/akka-playground/.metals/dap-server.trace.json or /Users/lee/Library/Caches/org.scalameta.metals/dap-server.trace.json[0m
2022.10.13 16:45:05 INFO  tracing is disabled for protocol dap-client, to enable tracing of incoming and outgoing JSON messages create an empty file at /Users/lee/repos/scala/akka-playground/.metals/dap-client.trace.json or /Users/lee/Library/Caches/org.scalameta.metals/dap-client.trace.json[0m
2022.10.13 16:45:05 INFO  Starting debug proxy for [MySuite(example test that succeeds)][0m
2022.10.13 16:45:07 INFO  Trying to attach to remote debuggee VM localhost:56147 .[0m
2022.10.13 16:45:07 INFO  Attaching to debuggee VM succeeded.[0m
2022.10.13 16:45:07 ERROR SLF4J: A number (1) of logging calls during the initialization phase have been intercepted and are[0m
2022.10.13 16:45:07 ERROR SLF4J: now being replayed. These are subject to the filtering rules of the underlying logging system.[0m
2022.10.13 16:45:07 ERROR SLF4J: See also http://www.slf4j.org/codes.html#replay[0m
2022.10.13 16:45:09 INFO  Canceling debug proxy for [MySuite(example test that succeeds)][0m
2022.10.13 16:45:09 INFO  Closing debug server tcp://0.0.0.0:56138[0m
2022.10.13 16:45:47 INFO  time: code lens generation in 2.22s[0m
2022.10.13 16:46:06 ERROR text document: file:///Users/lee/repos/scala/akka-playground/build.sbtjava.nio.file.NoSuchFileException: /Users/lee/repos/scala/akka-playground/build.sbt
	at sun.nio.fs.UnixException.translateToIOException(UnixException.java:92)
	at sun.nio.fs.UnixException.rethrowAsIOException(UnixException.java:106)
	at sun.nio.fs.UnixException.rethrowAsIOException(UnixException.java:111)
	at sun.nio.fs.UnixFileSystemProvider.newByteChannel(UnixFileSystemProvider.java:218)
	at java.nio.file.Files.newByteChannel(Files.java:380)
	at java.nio.file.Files.newByteChannel(Files.java:432)
	at java.nio.file.Files.readAllBytes(Files.java:3287)
	at scala.meta.internal.io.PlatformFileIO$.slurp(PlatformFileIO.scala:45)
	at scala.meta.internal.io.FileIO$.slurp(FileIO.scala:24)
	at scala.meta.internal.metals.InteractiveSemanticdbs.$anonfun$textDocument$2(InteractiveSemanticdbs.scala:90)
	at scala.Option.getOrElse(Option.scala:201)
	at scala.meta.internal.metals.InteractiveSemanticdbs.$anonfun$textDocument$1(InteractiveSemanticdbs.scala:90)
	at java.util.HashMap.compute(HashMap.java:1324)
	at java.util.Collections$SynchronizedMap.compute(Collections.java:2770)
	at scala.meta.internal.metals.InteractiveSemanticdbs.textDocument(InteractiveSemanticdbs.scala:89)
	at scala.meta.internal.metals.InteractiveSemanticdbs.textDocument(InteractiveSemanticdbs.scala:63)
	at scala.meta.internal.metals.AggregateSemanticdbs.loop$1(AggregateSemanticdbs.scala:30)
	at scala.meta.internal.metals.AggregateSemanticdbs.textDocument(AggregateSemanticdbs.scala:36)
	at scala.meta.internal.metals.MetalsLanguageServer.definitionOrReferences(MetalsLanguageServer.scala:2594)
	at scala.meta.internal.metals.MetalsLanguageServer.$anonfun$definition$1(MetalsLanguageServer.scala:1490)
	at scala.meta.internal.metals.CancelTokens$.future(CancelTokens.scala:38)
	at scala.meta.internal.metals.MetalsLanguageServer.definition(MetalsLanguageServer.scala:1489)
	at jdk.internal.reflect.DirectMethodHandleAccessor.invoke(DirectMethodHandleAccessor.java:104)
	at java.lang.reflect.Method.invoke(Method.java:578)
	at org.eclipse.lsp4j.jsonrpc.services.GenericEndpoint.lambda$null$0(GenericEndpoint.java:65)
	at org.eclipse.lsp4j.jsonrpc.services.GenericEndpoint.request(GenericEndpoint.java:120)
	at org.eclipse.lsp4j.jsonrpc.RemoteEndpoint.handleRequest(RemoteEndpoint.java:261)
	at org.eclipse.lsp4j.jsonrpc.RemoteEndpoint.consume(RemoteEndpoint.java:190)
	at org.eclipse.lsp4j.jsonrpc.json.StreamMessageProducer.handleMessage(StreamMessageProducer.java:194)
	at org.eclipse.lsp4j.jsonrpc.json.StreamMessageProducer.listen(StreamMessageProducer.java:94)
	at org.eclipse.lsp4j.jsonrpc.json.ConcurrentMessageProcessor.run(ConcurrentMessageProcessor.java:113)
	at java.util.concurrent.Executors$RunnableAdapter.call(Executors.java:577)
	at java.util.concurrent.FutureTask.run(FutureTask.java:317)
	at java.util.concurrent.ThreadPoolExecutor.runWorker(ThreadPoolExecutor.java:1144)
	at java.util.concurrent.ThreadPoolExecutor$Worker.run(ThreadPoolExecutor.java:642)
	at java.lang.Thread.run(Thread.java:1589)
[0m
2022.10.13 16:46:06 ERROR text document: file:///Users/lee/repos/scala/akka-playground/build.sbtjava.nio.file.NoSuchFileException: /Users/lee/repos/scala/akka-playground/build.sbt
	at sun.nio.fs.UnixException.translateToIOException(UnixException.java:92)
	at sun.nio.fs.UnixException.rethrowAsIOException(UnixException.java:106)
	at sun.nio.fs.UnixException.rethrowAsIOException(UnixException.java:111)
	at sun.nio.fs.UnixFileSystemProvider.newByteChannel(UnixFileSystemProvider.java:218)
	at java.nio.file.Files.newByteChannel(Files.java:380)
	at java.nio.file.Files.newByteChannel(Files.java:432)
	at java.nio.file.Files.readAllBytes(Files.java:3287)
	at scala.meta.internal.io.PlatformFileIO$.slurp(PlatformFileIO.scala:45)
	at scala.meta.internal.io.FileIO$.slurp(FileIO.scala:24)
	at scala.meta.internal.metals.InteractiveSemanticdbs.$anonfun$textDocument$2(InteractiveSemanticdbs.scala:90)
	at scala.Option.getOrElse(Option.scala:201)
	at scala.meta.internal.metals.InteractiveSemanticdbs.$anonfun$textDocument$1(InteractiveSemanticdbs.scala:90)
	at java.util.HashMap.compute(HashMap.java:1324)
	at java.util.Collections$SynchronizedMap.compute(Collections.java:2770)
	at scala.meta.internal.metals.InteractiveSemanticdbs.textDocument(InteractiveSemanticdbs.scala:89)
	at scala.meta.internal.metals.InteractiveSemanticdbs.textDocument(InteractiveSemanticdbs.scala:63)
	at scala.meta.internal.metals.AggregateSemanticdbs.loop$1(AggregateSemanticdbs.scala:30)
	at scala.meta.internal.metals.AggregateSemanticdbs.textDocument(AggregateSemanticdbs.scala:36)
	at scala.meta.internal.metals.DefinitionProvider.definition(DefinitionProvider.scala:83)
	at scala.meta.internal.metals.MetalsLanguageServer.$anonfun$definitionResult$1(MetalsLanguageServer.scala:2657)
	at scala.meta.internal.metals.TimerProvider.timedThunk(TimerProvider.scala:25)
	at scala.meta.internal.metals.MetalsLanguageServer.definitionResult(MetalsLanguageServer.scala:2657)
	at scala.meta.internal.metals.MetalsLanguageServer.definitionOrReferences(MetalsLanguageServer.scala:2633)
	at scala.meta.internal.metals.MetalsLanguageServer.$anonfun$definition$1(MetalsLanguageServer.scala:1490)
	at scala.meta.internal.metals.CancelTokens$.future(CancelTokens.scala:38)
	at scala.meta.internal.metals.MetalsLanguageServer.definition(MetalsLanguageServer.scala:1489)
	at jdk.internal.reflect.DirectMethodHandleAccessor.invoke(DirectMethodHandleAccessor.java:104)
	at java.lang.reflect.Method.invoke(Method.java:578)
	at org.eclipse.lsp4j.jsonrpc.services.GenericEndpoint.lambda$null$0(GenericEndpoint.java:65)
	at org.eclipse.lsp4j.jsonrpc.services.GenericEndpoint.request(GenericEndpoint.java:120)
	at org.eclipse.lsp4j.jsonrpc.RemoteEndpoint.handleRequest(RemoteEndpoint.java:261)
	at org.eclipse.lsp4j.jsonrpc.RemoteEndpoint.consume(RemoteEndpoint.java:190)
	at org.eclipse.lsp4j.jsonrpc.json.StreamMessageProducer.handleMessage(StreamMessageProducer.java:194)
	at org.eclipse.lsp4j.jsonrpc.json.StreamMessageProducer.listen(StreamMessageProducer.java:94)
	at org.eclipse.lsp4j.jsonrpc.json.ConcurrentMessageProcessor.run(ConcurrentMessageProcessor.java:113)
	at java.util.concurrent.Executors$RunnableAdapter.call(Executors.java:577)
	at java.util.concurrent.FutureTask.run(FutureTask.java:317)
	at java.util.concurrent.ThreadPoolExecutor.runWorker(ThreadPoolExecutor.java:1144)
	at java.util.concurrent.ThreadPoolExecutor$Worker.run(ThreadPoolExecutor.java:642)
	at java.lang.Thread.run(Thread.java:1589)
[0m
2022.10.13 16:46:06 INFO  shutting down Metals[0m
2022.10.13 16:46:07 INFO  Shut down connection with build server.[0m
2022.10.13 16:46:07 INFO  Shut down connection with build server.[0m
2022.10.13 16:46:15 INFO  tracing is disabled for protocol LSP, to enable tracing of incoming and outgoing JSON messages create an empty file at /Users/lee/repos/scala/liewhite/rpc4s/.metals/lsp.trace.json or /Users/lee/Library/Caches/org.scalameta.metals/lsp.trace.json[0m
2022.10.13 16:46:16 INFO  logging to file /Users/lee/repos/scala/liewhite/rpc4s/.metals/metals.log[0m
2022.10.13 16:46:16 INFO  Started: Metals version 0.11.9 in workspace '/Users/lee/repos/scala/liewhite/rpc4s' for client Visual Studio Code 1.72.1.[0m
2022.10.13 16:46:20 INFO  time: initialize in 4.53s[0m
2022.10.13 16:46:22 INFO  Attempting to connect to the build server...[0m
2022.10.13 16:46:22 INFO  Bloop uses /Users/lee/.sdkman/candidates/java/current defined at /Users/lee/.bloop/bloop.json[0m
2022.10.13 16:46:23 INFO  tracing is disabled for protocol BSP, to enable tracing of incoming and outgoing JSON messages create an empty file at /Users/lee/repos/scala/liewhite/rpc4s/.metals/bsp.trace.json or /Users/lee/Library/Caches/org.scalameta.metals/bsp.trace.json[0m
2022.10.13 16:46:23 INFO  Attempting to connect to the build server...[0m
2022.10.13 16:46:23 INFO  Bloop uses /Users/lee/.sdkman/candidates/java/current defined at /Users/lee/.bloop/bloop.json[0m
2022.10.13 16:46:23 INFO  tracing is disabled for protocol BSP, to enable tracing of incoming and outgoing JSON messages create an empty file at /Users/lee/repos/scala/liewhite/rpc4s/project/.metals/bsp.trace.json or /Users/lee/Library/Caches/org.scalameta.metals/bsp.trace.json[0m
2022.10.13 16:46:23 INFO  time: Connected to build server in 0.66s[0m
2022.10.13 16:46:23 INFO  Connected to Build server: Bloop v1.5.4[0m
2022.10.13 16:46:26 INFO  time: indexed workspace in 3.29s[0m
2022.10.13 16:46:40 WARN  no build target for: /Users/lee/repos/scala/liewhite/rpc4s/project/plugins.sbt[0m
2022.10.13 16:46:41 WARN  no build target for: /Users/lee/repos/scala/liewhite/rpc4s/project/plugins.sbt[0m
2022.10.13 16:46:42 INFO  running '/Users/lee/.sdkman/candidates/java/current/bin/java -Djline.terminal=jline.UnsupportedTerminal -Dsbt.log.noformat=true -Dfile.encoding=UTF-8 -jar /var/folders/ks/d_lb0_j92fxg72_6schvv80r0000gn/T/metals5320350357595205000/sbt-launch.jar -Dbloop.export-jar-classifiers=sources bloopInstall'[0m
2022.10.13 16:46:43 INFO  [info] welcome to sbt 1.7.1 (Eclipse Adoptium Java 19)[0m
2022.10.13 16:46:43 INFO  [info] loading global plugins from /Users/lee/.sbt/1.0/plugins[0m
2022.10.13 16:46:46 INFO  [info] loading settings for project rpc4s-build-build-build from metals.sbt ...[0m
2022.10.13 16:46:46 INFO  [info] loading project definition from /Users/lee/repos/scala/liewhite/rpc4s/project/project/project[0m
2022.10.13 16:46:48 INFO  [info] loading settings for project rpc4s-build-build from metals.sbt ...[0m
2022.10.13 16:46:48 INFO  [info] loading project definition from /Users/lee/repos/scala/liewhite/rpc4s/project/project[0m
2022.10.13 16:46:49 INFO  [success] Generated .bloop/rpc4s-build-build.json[0m
2022.10.13 16:46:49 INFO  [success] Total time: 1 s, completed 2022年10月13日 16:46:49[0m
2022.10.13 16:46:49 INFO  [info] loading settings for project rpc4s-build from metals.sbt,plugins.sbt ...[0m
2022.10.13 16:46:49 INFO  [info] loading project definition from /Users/lee/repos/scala/liewhite/rpc4s/project[0m
2022.10.13 16:46:51 INFO  [success] Generated .bloop/rpc4s-build.json[0m
2022.10.13 16:46:51 INFO  [warn] Removed stale /Users/lee/repos/scala/liewhite/rpc4s/project/.bloop/akka-playground-build.json[0m
2022.10.13 16:46:51 INFO  [success] Total time: 1 s, completed 2022年10月13日 16:46:51[0m
2022.10.13 16:46:52 INFO  [info] loading settings for project root from build.sbt ...[0m
2022.10.13 16:46:52 INFO  [info] set current project to akka-playground (in build file:/Users/lee/repos/scala/liewhite/rpc4s/)[0m
2022.10.13 16:46:52 INFO  [success] Generated .bloop/root.json[0m
2022.10.13 16:46:52 INFO  [success] Generated .bloop/root-test.json[0m
2022.10.13 16:46:52 INFO  [success] Total time: 0 s, completed 2022年10月13日 16:46:53[0m
2022.10.13 16:46:53 INFO  time: ran 'sbt bloopInstall' in 10s[0m
2022.10.13 16:46:53 INFO  Disconnecting from Bloop session...[0m
2022.10.13 16:46:53 INFO  Shut down connection with build server.[0m
2022.10.13 16:46:53 INFO  Shut down connection with build server.[0m
2022.10.13 16:46:53 INFO  Attempting to connect to the build server...[0m
2022.10.13 16:46:53 INFO  Bloop uses /Users/lee/.sdkman/candidates/java/current defined at /Users/lee/.bloop/bloop.json[0m
2022.10.13 16:46:53 INFO  tracing is disabled for protocol BSP, to enable tracing of incoming and outgoing JSON messages create an empty file at /Users/lee/repos/scala/liewhite/rpc4s/.metals/bsp.trace.json or /Users/lee/Library/Caches/org.scalameta.metals/bsp.trace.json[0m
2022.10.13 16:46:53 INFO  Attempting to connect to the build server...[0m
2022.10.13 16:46:53 INFO  Bloop uses /Users/lee/.sdkman/candidates/java/current defined at /Users/lee/.bloop/bloop.json[0m
2022.10.13 16:46:53 INFO  Attempting to connect to the build server...[0m
2022.10.13 16:46:53 INFO  Bloop uses /Users/lee/.sdkman/candidates/java/current defined at /Users/lee/.bloop/bloop.json[0m
2022.10.13 16:46:53 INFO  tracing is disabled for protocol BSP, to enable tracing of incoming and outgoing JSON messages create an empty file at /Users/lee/repos/scala/liewhite/rpc4s/project/project/.metals/bsp.trace.json or /Users/lee/Library/Caches/org.scalameta.metals/bsp.trace.json[0m
2022.10.13 16:46:53 INFO  tracing is disabled for protocol BSP, to enable tracing of incoming and outgoing JSON messages create an empty file at /Users/lee/repos/scala/liewhite/rpc4s/project/.metals/bsp.trace.json or /Users/lee/Library/Caches/org.scalameta.metals/bsp.trace.json[0m
2022.10.13 16:46:53 INFO  time: Connected to build server in 58ms[0m
2022.10.13 16:46:53 INFO  Connected to Build server: Bloop v1.5.4[0m
2022.10.13 16:46:53 WARN  no build target for: /Users/lee/repos/scala/liewhite/rpc4s/sonatype.sbt[0m
2022.10.13 16:46:54 INFO  no build target found for /Users/lee/repos/scala/liewhite/rpc4s/sonatype.sbt. Using presentation compiler with project's scala-library version: 3.2.0[0m
2022.10.13 16:46:54 WARN  no build target for: /Users/lee/repos/scala/liewhite/rpc4s/sonatype.sbt[0m
2022.10.13 16:46:54 INFO  skipping build import with status 'Dismissed'[0m
2022.10.13 16:46:56 INFO  time: indexed workspace in 3.46s[0m
2022.10.13 16:46:59 INFO  time: code lens generation in 1.17s[0m
2022.10.13 16:47:04 INFO  skipping build import with status 'Dismissed'[0m
2022.10.13 16:47:16 INFO  time: code lens generation in 1.14s[0m
2022.10.13 16:47:20 INFO  skipping build import with status 'Dismissed'[0m
2022.10.13 16:47:45 INFO  skipping build import with status 'Dismissed'[0m
2022.10.13 16:47:50 INFO  skipping build import with status 'Dismissed'[0m
2022.10.13 16:47:54 INFO  skipping build import with status 'Dismissed'[0m
2022.10.13 16:48:03 INFO  skipping build import with status 'Dismissed'[0m
2022.10.13 16:48:08 INFO  skipping build import with status 'Dismissed'[0m
2022.10.13 16:48:09 INFO  skipping build import with status 'Dismissed'[0m
10月 13, 2022 4:49:00 下午 org.eclipse.lsp4j.jsonrpc.services.GenericEndpoint notify
信息: Unsupported notification method: $/setTrace
10月 13, 2022 4:49:55 下午 org.eclipse.lsp4j.jsonrpc.RemoteEndpoint handleNotification
警告: Notification threw an exception: {
  "jsonrpc": "2.0",
  "method": "workspace/didChangeWatchedFiles",
  "params": {
    "changes": [
      {
        "uri": "file:///Users/lee/repos/scala/liewhite/rpc4s/build.sbt",
        "type": 3
      },
      {
        "uri": "file:///Users/lee/repos/scala/liewhite/rpc4s/sonatype.sbt",
        "type": 3
      },
      {
        "uri": "file:///Users/lee/repos/scala/liewhite/rpc4s/project/plugins.sbt",
        "type": 3
      },
      {
        "uri": "file:///Users/lee/repos/scala/liewhite/rpc4s/project/build.properties",
        "type": 3
      }
    ]
  }
}
java.lang.RuntimeException: java.lang.reflect.InvocationTargetException
	at org.eclipse.lsp4j.jsonrpc.services.GenericEndpoint.lambda$null$0(GenericEndpoint.java:67)
	at org.eclipse.lsp4j.jsonrpc.services.GenericEndpoint.notify(GenericEndpoint.java:152)
	at org.eclipse.lsp4j.jsonrpc.RemoteEndpoint.handleNotification(RemoteEndpoint.java:220)
	at org.eclipse.lsp4j.jsonrpc.RemoteEndpoint.consume(RemoteEndpoint.java:187)
	at org.eclipse.lsp4j.jsonrpc.json.StreamMessageProducer.handleMessage(StreamMessageProducer.java:194)
	at org.eclipse.lsp4j.jsonrpc.json.StreamMessageProducer.listen(StreamMessageProducer.java:94)
	at org.eclipse.lsp4j.jsonrpc.json.ConcurrentMessageProcessor.run(ConcurrentMessageProcessor.java:113)
	at java.base/java.util.concurrent.Executors$RunnableAdapter.call(Executors.java:577)
	at java.base/java.util.concurrent.FutureTask.run(FutureTask.java:317)
	at java.base/java.util.concurrent.ThreadPoolExecutor.runWorker(ThreadPoolExecutor.java:1144)
	at java.base/java.util.concurrent.ThreadPoolExecutor$Worker.run(ThreadPoolExecutor.java:642)
	at java.base/java.lang.Thread.run(Thread.java:1589)
Caused by: java.lang.reflect.InvocationTargetException
	at java.base/jdk.internal.reflect.DirectMethodHandleAccessor.invoke(DirectMethodHandleAccessor.java:119)
	at java.base/java.lang.reflect.Method.invoke(Method.java:578)
	at org.eclipse.lsp4j.jsonrpc.services.GenericEndpoint.lambda$null$0(GenericEndpoint.java:65)
	... 11 more
Caused by: java.nio.file.NoSuchFileException: /Users/lee/repos/scala/liewhite/rpc4s/build.sbt
	at java.base/sun.nio.fs.UnixException.translateToIOException(UnixException.java:92)
	at java.base/sun.nio.fs.UnixException.rethrowAsIOException(UnixException.java:106)
	at java.base/sun.nio.fs.UnixException.rethrowAsIOException(UnixException.java:111)
	at java.base/sun.nio.fs.UnixFileSystemProvider.newByteChannel(UnixFileSystemProvider.java:218)
	at java.base/java.nio.file.Files.newByteChannel(Files.java:380)
	at java.base/java.nio.file.Files.newByteChannel(Files.java:432)
	at java.base/java.nio.file.Files.readAllBytes(Files.java:3287)
	at scala.meta.internal.io.PlatformFileIO$.slurp(PlatformFileIO.scala:45)
	at scala.meta.internal.io.FileIO$.slurp(FileIO.scala:24)
	at scala.meta.internal.metals.MetalsLanguageServer.$anonfun$onChange$1(MetalsLanguageServer.scala:1459)
	at scala.meta.internal.metals.MetalsLanguageServer.$anonfun$onChange$1$adapted(MetalsLanguageServer.scala:1458)
	at scala.collection.immutable.List.foreach(List.scala:333)
	at scala.meta.internal.metals.MetalsLanguageServer.onChange(MetalsLanguageServer.scala:1458)
	at scala.meta.internal.metals.MetalsLanguageServer.didChangeWatchedFiles(MetalsLanguageServer.scala:1401)
	at java.base/jdk.internal.reflect.DirectMethodHandleAccessor.invoke(DirectMethodHandleAccessor.java:104)
	... 13 more

2022.10.13 16:50:55 ERROR text document: file:///Users/lee/repos/scala/liewhite/rpc4s/build.sbtjava.nio.file.NoSuchFileException: /Users/lee/repos/scala/liewhite/rpc4s/build.sbt
	at sun.nio.fs.UnixException.translateToIOException(UnixException.java:92)
	at sun.nio.fs.UnixException.rethrowAsIOException(UnixException.java:106)
	at sun.nio.fs.UnixException.rethrowAsIOException(UnixException.java:111)
	at sun.nio.fs.UnixFileSystemProvider.newByteChannel(UnixFileSystemProvider.java:218)
	at java.nio.file.Files.newByteChannel(Files.java:380)
	at java.nio.file.Files.newByteChannel(Files.java:432)
	at java.nio.file.Files.readAllBytes(Files.java:3287)
	at scala.meta.internal.io.PlatformFileIO$.slurp(PlatformFileIO.scala:45)
	at scala.meta.internal.io.FileIO$.slurp(FileIO.scala:24)
	at scala.meta.internal.metals.InteractiveSemanticdbs.$anonfun$textDocument$2(InteractiveSemanticdbs.scala:90)
	at scala.Option.getOrElse(Option.scala:201)
	at scala.meta.internal.metals.InteractiveSemanticdbs.$anonfun$textDocument$1(InteractiveSemanticdbs.scala:90)
	at java.util.HashMap.compute(HashMap.java:1324)
	at java.util.Collections$SynchronizedMap.compute(Collections.java:2770)
	at scala.meta.internal.metals.InteractiveSemanticdbs.textDocument(InteractiveSemanticdbs.scala:89)
	at scala.meta.internal.metals.InteractiveSemanticdbs.textDocument(InteractiveSemanticdbs.scala:63)
	at scala.meta.internal.metals.AggregateSemanticdbs.loop$1(AggregateSemanticdbs.scala:30)
	at scala.meta.internal.metals.AggregateSemanticdbs.textDocument(AggregateSemanticdbs.scala:36)
	at scala.meta.internal.metals.CodeLensProvider.findLenses(CodeLensProvider.scala:22)
	at scala.meta.internal.metals.MetalsLanguageServer.$anonfun$codeLens$2(MetalsLanguageServer.scala:1744)
	at scala.meta.internal.metals.TimerProvider.timedThunk(TimerProvider.scala:25)
	at scala.meta.internal.metals.MetalsLanguageServer.$anonfun$codeLens$1(MetalsLanguageServer.scala:1742)
	at scala.meta.internal.metals.CancelTokens$.$anonfun$apply$2(CancelTokens.scala:26)
	at scala.concurrent.Future$.$anonfun$apply$1(Future.scala:678)
	at scala.concurrent.impl.Promise$Transformation.run(Promise.scala:467)
	at java.util.concurrent.ThreadPoolExecutor.runWorker(ThreadPoolExecutor.java:1144)
	at java.util.concurrent.ThreadPoolExecutor$Worker.run(ThreadPoolExecutor.java:642)
	at java.lang.Thread.run(Thread.java:1589)
[0m
2022.10.13 16:51:07 INFO  compiling root (4 scala sources)[0m
2022.10.13 16:51:07 INFO  compiling root-test (1 scala source)[0m
2022.10.13 16:51:07 INFO  time: compiled root in 0.42s[0m
2022.10.13 16:51:07 INFO  time: compiled root-test in 0.24s[0m
2022.10.13 17:02:55 INFO  tracing is disabled for protocol LSP, to enable tracing of incoming and outgoing JSON messages create an empty file at /Users/lee/repos/scala/liewhite/rpc4s.bak/.metals/lsp.trace.json or /Users/lee/Library/Caches/org.scalameta.metals/lsp.trace.json[0m
2022.10.13 17:02:56 INFO  logging to file /Users/lee/repos/scala/liewhite/rpc4s.bak/.metals/metals.log[0m
2022.10.13 17:02:56 INFO  Started: Metals version 0.11.9 in workspace '/Users/lee/repos/scala/liewhite/rpc4s.bak' for client Visual Studio Code 1.72.1.[0m
2022.10.13 17:02:56 INFO  time: initialize in 0.83s[0m
2022.10.13 17:02:58 INFO  Attempting to connect to the build server...[0m
2022.10.13 17:02:58 INFO  Bloop uses /Users/lee/.sdkman/candidates/java/current defined at /Users/lee/.bloop/bloop.json[0m
2022.10.13 17:02:59 INFO  tracing is disabled for protocol BSP, to enable tracing of incoming and outgoing JSON messages create an empty file at /Users/lee/repos/scala/liewhite/rpc4s.bak/.metals/bsp.trace.json or /Users/lee/Library/Caches/org.scalameta.metals/bsp.trace.json[0m
2022.10.13 17:02:59 INFO  Attempting to connect to the build server...[0m
2022.10.13 17:02:59 INFO  Bloop uses /Users/lee/.sdkman/candidates/java/current defined at /Users/lee/.bloop/bloop.json[0m
2022.10.13 17:02:59 INFO  Attempting to connect to the build server...[0m
2022.10.13 17:02:59 INFO  Bloop uses /Users/lee/.sdkman/candidates/java/current defined at /Users/lee/.bloop/bloop.json[0m
2022.10.13 17:02:59 INFO  tracing is disabled for protocol BSP, to enable tracing of incoming and outgoing JSON messages create an empty file at /Users/lee/repos/scala/liewhite/rpc4s.bak/project/project/.metals/bsp.trace.json or /Users/lee/Library/Caches/org.scalameta.metals/bsp.trace.json[0m
2022.10.13 17:02:59 INFO  tracing is disabled for protocol BSP, to enable tracing of incoming and outgoing JSON messages create an empty file at /Users/lee/repos/scala/liewhite/rpc4s.bak/project/.metals/bsp.trace.json or /Users/lee/Library/Caches/org.scalameta.metals/bsp.trace.json[0m
2022.10.13 17:02:59 INFO  time: Connected to build server in 0.59s[0m
2022.10.13 17:02:59 INFO  Connected to Build server: Bloop v1.5.4[0m
2022.10.13 17:03:02 INFO  time: indexed workspace in 3.32s[0m
2022.10.13 17:03:29 INFO  time: code lens generation in 1.8s[0m
